<?xml version="1.0" encoding="UTF-8"?>
<testng-results ignored="0" total="1" passed="1" failed="0" skipped="0">
  <reporter-output>
  </reporter-output>
  <suite started-at="2023-04-16T18:01:43 IST" name="Default suite" finished-at="2023-04-16T18:01:58 IST" duration-ms="14975">
    <groups>
    </groups>
    <test started-at="2023-04-16T18:01:43 IST" name="Default test" finished-at="2023-04-16T18:01:58 IST" duration-ms="14975">
      <class name="testclass.calender_Test">
        <test-method signature="calselect()[pri:1, instance:testclass.calender_Test@78641d23]" started-at="2023-04-16T18:01:43 IST" name="calselect" description=" " finished-at="2023-04-16T18:01:58 IST" duration-ms="14800" status="PASS">
          <reporter-output>
          </reporter-output>
        </test-method> <!-- calselect -->
      </class> <!-- testclass.calender_Test -->
    </test> <!-- Default test -->
  </suite> <!-- Default suite -->
</testng-results>
